0 info it worked if it ends with ok
1 verbose cli [ '/Users/musibiis/.nvm/versions/node/v4.9.1/bin/node',
1 verbose cli   '/Users/musibiis/.nvm/versions/node/v4.9.1/bin/npm',
1 verbose cli   'install',
1 verbose cli   'hexo-cli',
1 verbose cli   '-g' ]
2 info using npm@2.15.11
3 info using node@v4.9.1
4 verbose install initial load of /Users/musibiis/.nvm/versions/node/v4.9.1/lib/package.json
5 verbose readDependencies loading dependencies from /Users/musibiis/.nvm/versions/node/v4.9.1/lib/package.json
6 silly cache add args [ 'hexo-cli', null ]
7 verbose cache add spec hexo-cli
8 silly cache add parsed spec Result {
8 silly cache add   raw: 'hexo-cli',
8 silly cache add   scope: null,
8 silly cache add   name: 'hexo-cli',
8 silly cache add   rawSpec: '',
8 silly cache add   spec: 'latest',
8 silly cache add   type: 'tag' }
9 silly addNamed hexo-cli@latest
10 verbose addNamed "latest" is being treated as a dist-tag for hexo-cli
11 info addNameTag [ 'hexo-cli', 'latest' ]
12 silly mapToRegistry name hexo-cli
13 silly mapToRegistry using default registry
14 silly mapToRegistry registry https://registry.npmjs.org/
15 silly mapToRegistry data Result {
15 silly mapToRegistry   raw: 'hexo-cli',
15 silly mapToRegistry   scope: null,
15 silly mapToRegistry   name: 'hexo-cli',
15 silly mapToRegistry   rawSpec: '',
15 silly mapToRegistry   spec: 'latest',
15 silly mapToRegistry   type: 'tag' }
16 silly mapToRegistry uri https://registry.npmjs.org/hexo-cli
17 verbose addNameTag registry:https://registry.npmjs.org/hexo-cli not in flight; fetching
18 verbose request uri https://registry.npmjs.org/hexo-cli
19 verbose request no auth needed
20 info attempt registry request try #1 at 1:45:31 PM
21 verbose request id 06b167fc74ae84e5
22 verbose etag W/"b1ad09538a2eb571bb44b90707195362"
23 verbose lastModified Wed, 16 Oct 2019 11:03:24 GMT
24 http request GET https://registry.npmjs.org/hexo-cli
25 http 304 https://registry.npmjs.org/hexo-cli
26 verbose headers { date: 'Tue, 10 Dec 2019 05:45:32 GMT',
26 verbose headers   connection: 'keep-alive',
26 verbose headers   'set-cookie': [ '__cfduid=d9ae2cb6b6c81adb5ee52f42b92fd2dc11575956732; expires=Thu, 09-Jan-20 05:45:32 GMT; path=/; domain=.npmjs.org; HttpOnly' ],
26 verbose headers   'cf-ray': '542ce9c9ebabd33e-LAX',
26 verbose headers   age: '836',
26 verbose headers   'cache-control': 'public, max-age=300',
26 verbose headers   etag: '"b1ad09538a2eb571bb44b90707195362"',
26 verbose headers   'last-modified': 'Wed, 16 Oct 2019 11:03:24 GMT',
26 verbose headers   vary: 'Accept-Encoding',
26 verbose headers   'cf-cache-status': 'HIT',
26 verbose headers   'expect-ct': 'max-age=604800, report-uri="https://report-uri.cloudflare.com/cdn-cgi/beacon/expect-ct"',
26 verbose headers   server: 'cloudflare' }
27 silly get cb [ 304,
27 silly get   { date: 'Tue, 10 Dec 2019 05:45:32 GMT',
27 silly get     connection: 'keep-alive',
27 silly get     'set-cookie': [ '__cfduid=d9ae2cb6b6c81adb5ee52f42b92fd2dc11575956732; expires=Thu, 09-Jan-20 05:45:32 GMT; path=/; domain=.npmjs.org; HttpOnly' ],
27 silly get     'cf-ray': '542ce9c9ebabd33e-LAX',
27 silly get     age: '836',
27 silly get     'cache-control': 'public, max-age=300',
27 silly get     etag: '"b1ad09538a2eb571bb44b90707195362"',
27 silly get     'last-modified': 'Wed, 16 Oct 2019 11:03:24 GMT',
27 silly get     vary: 'Accept-Encoding',
27 silly get     'cf-cache-status': 'HIT',
27 silly get     'expect-ct': 'max-age=604800, report-uri="https://report-uri.cloudflare.com/cdn-cgi/beacon/expect-ct"',
27 silly get     server: 'cloudflare' } ]
28 verbose etag https://registry.npmjs.org/hexo-cli from cache
29 verbose get saving hexo-cli to /Users/musibiis/.npm/registry.npmjs.org/hexo-cli/.cache.json
30 verbose correctMkdir /Users/musibiis/.npm correctMkdir not in flight; initializing
31 silly addNameTag next cb for hexo-cli with tag latest
32 silly addNamed hexo-cli@3.1.0
33 verbose addNamed "3.1.0" is a plain semver version for hexo-cli
34 silly cache afterAdd hexo-cli@3.1.0
35 verbose afterAdd /Users/musibiis/.npm/hexo-cli/3.1.0/package/package.json not in flight; writing
36 verbose correctMkdir /Users/musibiis/.npm correctMkdir not in flight; initializing
37 verbose afterAdd /Users/musibiis/.npm/hexo-cli/3.1.0/package/package.json written
38 silly install resolved [ { name: 'hexo-cli',
38 silly install resolved     version: '3.1.0',
38 silly install resolved     description: 'Command line interface for Hexo',
38 silly install resolved     main: 'lib/hexo',
38 silly install resolved     bin: { hexo: './bin/hexo' },
38 silly install resolved     scripts:
38 silly install resolved      { eslint: 'eslint .',
38 silly install resolved        test: 'mocha test/index.js',
38 silly install resolved        'test-cov': 'nyc npm run test' },
38 silly install resolved     directories: { lib: './lib', bin: './bin' },
38 silly install resolved     repository:
38 silly install resolved      { type: 'git',
38 silly install resolved        url: 'git+https://github.com/hexojs/hexo-cli.git' },
38 silly install resolved     homepage: 'https://hexo.io/',
38 silly install resolved     keywords: [ 'website', 'blog', 'cms', 'framework', 'hexo', 'cli' ],
38 silly install resolved     author:
38 silly install resolved      { name: 'Tommy Chen',
38 silly install resolved        email: 'tommy351@gmail.com',
38 silly install resolved        url: 'http://zespia.tw' },
38 silly install resolved     maintainers:
38 silly install resolved      [ [Object],
38 silly install resolved        [Object],
38 silly install resolved        [Object],
38 silly install resolved        [Object],
38 silly install resolved        [Object],
38 silly install resolved        [Object],
38 silly install resolved        [Object],
38 silly install resolved        [Object] ],
38 silly install resolved     license: 'MIT',
38 silly install resolved     dependencies:
38 silly install resolved      { abbrev: '^1.1.1',
38 silly install resolved        acorn: '^7.0.0',
38 silly install resolved        bluebird: '^3.5.5',
38 silly install resolved        chalk: '^2.4.2',
38 silly install resolved        'command-exists': '^1.2.8',
38 silly install resolved        'hexo-fs': '^2.0.0',
38 silly install resolved        'hexo-log': '^1.0.0',
38 silly install resolved        'hexo-util': '^1.4.0',
38 silly install resolved        minimist: '^1.2.0',
38 silly install resolved        resolve: '^1.11.0',
38 silly install resolved        tildify: '^2.0.0' },
38 silly install resolved     devDependencies:
38 silly install resolved      { chai: '^4.2.0',
38 silly install resolved        'chai-as-promised': '^7.1.1',
38 silly install resolved        eslint: '^6.0.1',
38 silly install resolved        'eslint-config-hexo': '^3.0.0',
38 silly install resolved        'hexo-renderer-marked': '^2.0.0',
38 silly install resolved        mocha: '^6.1.4',
38 silly install resolved        nyc: '^14.1.1',
38 silly install resolved        proxyquire: '^2.1.0',
38 silly install resolved        rewire: '^4.0.1',
38 silly install resolved        sinon: '^7.3.2' },
38 silly install resolved     engines: { node: '>=8.6.0' },
38 silly install resolved     gitHead: 'd72cf00a512ef550317fecd1fe9956a50a794ca1',
38 silly install resolved     bugs: { url: 'https://github.com/hexojs/hexo-cli/issues' },
38 silly install resolved     _id: 'hexo-cli@3.1.0',
38 silly install resolved     _nodeVersion: '12.12.0',
38 silly install resolved     _npmVersion: '6.10.2',
38 silly install resolved     dist:
38 silly install resolved      { integrity: 'sha512-Rc2gX2DlsALaFBbfk1XYx2XmeVAX+C7Dxc7UwETZOcu3cbGsf2DpwYTfKQumW3jagi1icA4KgW9aSRPPZZj/zg==',
38 silly install resolved        shasum: 'a7414d4647333fe73762f86d77e5660659c0d05b',
38 silly install resolved        tarball: 'https://registry.npmjs.org/hexo-cli/-/hexo-cli-3.1.0.tgz',
38 silly install resolved        fileCount: 17,
38 silly install resolved        unpackedSize: 17909,
38 silly install resolved        'npm-signature': '-----BEGIN PGP SIGNATURE-----\r\nVersion: OpenPGP.js v3.0.4\r\nComment: https://openpgpjs.org\r\n\r\nwsFcBAEBCAAQBQJdpvj5CRA9TVsSAnZWagAATcAP/RQwKKuUxZJTl1Yswfoe\nXcWE+3omjycVqemDE+TVI///ZiiRct0aMq5CBt9OaPEsma1uqKkrlnIoxZ70\nJHThH+gIe9oZnuVNGaUwxSyWlcrsgQFvU5VOUJrBD50JgJKSB9Stj81MeU+H\nrMCSFBp6oq7kq0LlnyRWRgQlHzwzg7hLCkQBsKn9tmbMGxflb9OrJJCIbe1Q\nQL9ajGBe3FXk3eBgH0R6lW/4Y/tT9H9VMVRSahZyiqh3wWjydROptd7dUe7m\nVF3Lh5vFhv20ux+uiKB86UGIQ2IZUu+A/xdws4OofYV3tO8YmgUhhsJ6rXAF\niqmtFR1gt/l72zVKdMeDpeb6YOmJ2NPzAUyIEuSPhyLulCDenoQJeMUisRQg\nog3xI2uc4YlIbAMwEU27AufHHkzcLN2wkK1CNMyRBuGVXpg5DfnTQiQr1XJY\nge+Zqumyatup0DtgT2H06trBRmnvK6h++nqNYNeNNiHhJ5Q1W1dWLElhNKPe\nAdXqalv0aM2EI9WTV1Jo+9yGfVm2j60LKUynSqdFBgUYAFo20BC3rkomHoUQ\nJhoGwsISyZVU9otPSPsvL/YwT0o0NOvoLUMoWxHI9H+T5+Rz7xFraY34fwfy\naIBPFhdarrBxaNphJ3/+i6JL6vMxGRH5huYsddWoyvbaCgGLqPgaiEpFBZ3D\nlZjV\r\n=U1OC\r\n-----END PGP SIGNATURE-----\r\n' },
38 silly install resolved     _npmUser: { name: 'curben', email: 'bushedge@protonmail.com' },
38 silly install resolved     _npmOperationalInternal:
38 silly install resolved      { host: 's3://npm-registry-packages',
38 silly install resolved        tmp: 'tmp/hexo-cli_3.1.0_1571223800406_0.5419640302235162' },
38 silly install resolved     _hasShrinkwrap: false,
38 silly install resolved     _shasum: 'a7414d4647333fe73762f86d77e5660659c0d05b',
38 silly install resolved     _resolved: 'https://registry.npmjs.org/hexo-cli/-/hexo-cli-3.1.0.tgz',
38 silly install resolved     _from: 'hexo-cli@latest',
38 silly install resolved     readme: 'ERROR: No README data found!' } ]
39 info install hexo-cli@3.1.0 into /Users/musibiis/.nvm/versions/node/v4.9.1/lib
40 info installOne hexo-cli@3.1.0
41 verbose installOne of hexo-cli to /Users/musibiis/.nvm/versions/node/v4.9.1/lib not in flight; installing
42 verbose correctMkdir /Users/musibiis/.npm/_locks correctMkdir not in flight; initializing
43 verbose lock using /Users/musibiis/.npm/_locks/hexo-cli-3cee96b1d6634d7e.lock for /Users/musibiis/.nvm/versions/node/v4.9.1/lib/node_modules/hexo-cli
44 warn engine hexo-cli@3.1.0: wanted: {"node":">=8.6.0"} (current: {"node":"4.9.1","npm":"2.15.11"})
45 silly install write writing hexo-cli 3.1.0 to /Users/musibiis/.nvm/versions/node/v4.9.1/lib/node_modules/hexo-cli
46 verbose unbuild lib/node_modules/hexo-cli
47 info preuninstall hexo-cli@3.1.0
48 info uninstall hexo-cli@3.1.0
49 verbose unbuild rmStuff hexo-cli@3.1.0 from /Users/musibiis/.nvm/versions/node/v4.9.1/lib/node_modules
50 silly gentlyRm /Users/musibiis/.nvm/versions/node/v4.9.1/bin/hexo is being gently removed
51 silly gentlyRm verifying /Users/musibiis/.nvm/versions/node/v4.9.1 is an npm working directory
52 silly gentlyRm containing path /Users/musibiis/.nvm/versions/node/v4.9.1 is under npm's control, in /Users/musibiis/.nvm/versions/node/v4.9.1
53 silly gentlyRm deletion target /Users/musibiis/.nvm/versions/node/v4.9.1/bin/hexo is under /Users/musibiis/.nvm/versions/node/v4.9.1
54 verbose gentlyRm vacuuming from /Users/musibiis/.nvm/versions/node/v4.9.1/bin/hexo up to /Users/musibiis/.nvm/versions/node/v4.9.1
55 info postuninstall hexo-cli@3.1.0
56 silly gentlyRm /Users/musibiis/.nvm/versions/node/v4.9.1/lib/node_modules/hexo-cli is being purged from base /Users/musibiis/.nvm/versions/node/v4.9.1
57 verbose gentlyRm don't care about contents; nuking /Users/musibiis/.nvm/versions/node/v4.9.1/lib/node_modules/hexo-cli
58 silly vacuum-fs purging /Users/musibiis/.nvm/versions/node/v4.9.1/lib/node_modules/hexo-cli
59 verbose unlock done using /Users/musibiis/.npm/_locks/hexo-cli-3cee96b1d6634d7e.lock for /Users/musibiis/.nvm/versions/node/v4.9.1/lib/node_modules/hexo-cli
60 verbose stack Error: EACCES: permission denied, unlink '/Users/musibiis/.nvm/versions/node/v4.9.1/lib/node_modules/hexo-cli/LICENSE'
60 verbose stack     at Error (native)
61 verbose cwd /Users/musibiis/Desktop/musibii.github.io/source
62 error Darwin 18.6.0
63 error argv "/Users/musibiis/.nvm/versions/node/v4.9.1/bin/node" "/Users/musibiis/.nvm/versions/node/v4.9.1/bin/npm" "install" "hexo-cli" "-g"
64 error node v4.9.1
65 error npm  v2.15.11
66 error path /Users/musibiis/.nvm/versions/node/v4.9.1/lib/node_modules/hexo-cli/LICENSE
67 error code EACCES
68 error errno -13
69 error syscall unlink
70 error Error: EACCES: permission denied, unlink '/Users/musibiis/.nvm/versions/node/v4.9.1/lib/node_modules/hexo-cli/LICENSE'
70 error     at Error (native)
70 error  { [Error: EACCES: permission denied, unlink '/Users/musibiis/.nvm/versions/node/v4.9.1/lib/node_modules/hexo-cli/LICENSE']
70 error   errno: -13,
70 error   code: 'EACCES',
70 error   syscall: 'unlink',
70 error   path: '/Users/musibiis/.nvm/versions/node/v4.9.1/lib/node_modules/hexo-cli/LICENSE' }
71 error Please try running this command again as root/Administrator.
72 verbose exit [ -13, true ]
73 verbose unbuild lib/node_modules/hexo-cli
74 info preuninstall hexo-cli@3.1.0
75 info uninstall hexo-cli@3.1.0
76 verbose unbuild rmStuff hexo-cli@3.1.0 from /Users/musibiis/.nvm/versions/node/v4.9.1/lib/node_modules
77 silly gentlyRm /Users/musibiis/.nvm/versions/node/v4.9.1/bin/hexo is being gently removed
78 silly gentlyRm verifying /Users/musibiis/.nvm/versions/node/v4.9.1 is an npm working directory
79 silly gentlyRm containing path /Users/musibiis/.nvm/versions/node/v4.9.1 is under npm's control, in /Users/musibiis/.nvm/versions/node/v4.9.1
80 silly gentlyRm deletion target /Users/musibiis/.nvm/versions/node/v4.9.1/bin/hexo is under /Users/musibiis/.nvm/versions/node/v4.9.1
81 verbose gentlyRm vacuuming from /Users/musibiis/.nvm/versions/node/v4.9.1/bin/hexo up to /Users/musibiis/.nvm/versions/node/v4.9.1
82 info postuninstall hexo-cli@3.1.0
83 silly gentlyRm /Users/musibiis/.nvm/versions/node/v4.9.1/lib/node_modules/hexo-cli is being purged from base /Users/musibiis/.nvm/versions/node/v4.9.1
84 verbose gentlyRm don't care about contents; nuking /Users/musibiis/.nvm/versions/node/v4.9.1/lib/node_modules/hexo-cli
85 silly vacuum-fs purging /Users/musibiis/.nvm/versions/node/v4.9.1/lib/node_modules/hexo-cli
86 error error rolling back Error: EACCES: permission denied, unlink '/Users/musibiis/.nvm/versions/node/v4.9.1/lib/node_modules/hexo-cli/LICENSE'
86 error error rolling back     at Error (native)
86 error error rolling back  { [Error: EACCES: permission denied, unlink '/Users/musibiis/.nvm/versions/node/v4.9.1/lib/node_modules/hexo-cli/LICENSE']
86 error error rolling back   errno: -13,
86 error error rolling back   code: 'EACCES',
86 error error rolling back   syscall: 'unlink',
86 error error rolling back   path: '/Users/musibiis/.nvm/versions/node/v4.9.1/lib/node_modules/hexo-cli/LICENSE' }
